c:\users\cristina wong\desktop\homework5\part1\2dplatformer\client1\project5\debug\vc142.pdb
c:\users\cristina wong\desktop\homework5\part1\2dplatformer\client1\project5\debug\vc142.idb
c:\users\cristina wong\desktop\homework5\part1\2dplatformer\client1\project5\debug\scriptmanager.obj
c:\users\cristina wong\desktop\homework5\part1\2dplatformer\client1\project5\debug\clientmain.obj
c:\users\cristina wong\desktop\homework5\part1\2dplatformer\client1\project5\debug\duktape.obj
c:\users\cristina wong\desktop\homework5\part2\spaceinvaders\client1\project5\debug\vc142.pdb
c:\users\cristina wong\desktop\homework5\part2\spaceinvaders\client1\project5\debug\vc142.idb
c:\users\cristina wong\desktop\homework5\part2\spaceinvaders\client1\project5\debug\scriptmanager.obj
c:\users\cristina wong\desktop\homework5\part2\spaceinvaders\client1\project5\debug\clientmain.obj
c:\users\cristina wong\desktop\homework5\part2\spaceinvaders\client1\project5\debug\duktape.obj
c:\users\cristina wong\desktop\homework5\part1\2dplatformer\client1\project5\debug\project5.exe
c:\users\cristina wong\desktop\homework5\part1\2dplatformer\client1\project5\debug\project5.ilk
c:\users\cristina wong\desktop\homework5\part1\2dplatformer\client1\project5\debug\project5.pdb
c:\users\cristina wong\desktop\homework5\part2\spaceinvaders\client1\project5\debug\project5.exe
c:\users\cristina wong\desktop\homework5\part2\spaceinvaders\client1\project5\debug\project5.ilk
c:\users\cristina wong\desktop\homework5\part2\spaceinvaders\client1\project5\debug\project5.pdb
c:\users\cristina wong\desktop\homework5\part1\2dplatformer\client1\project5\debug\project5.res
c:\users\cristina wong\desktop\homework5\part2\spaceinvaders\client1\project5\debug\project5.res
c:\users\cristina wong\desktop\homework5\part2\spaceinvaders\client1\project5\debug\project5.tlog\cl.command.1.tlog
c:\users\cristina wong\desktop\homework5\part2\spaceinvaders\client1\project5\debug\project5.tlog\cl.read.1.tlog
c:\users\cristina wong\desktop\homework5\part2\spaceinvaders\client1\project5\debug\project5.tlog\cl.write.1.tlog
c:\users\cristina wong\desktop\homework5\part2\spaceinvaders\client1\project5\debug\project5.tlog\link.command.1.tlog
c:\users\cristina wong\desktop\homework5\part2\spaceinvaders\client1\project5\debug\project5.tlog\link.read.1.tlog
c:\users\cristina wong\desktop\homework5\part2\spaceinvaders\client1\project5\debug\project5.tlog\link.write.1.tlog
c:\users\cristina wong\desktop\homework5\part2\spaceinvaders\client1\project5\debug\project5.tlog\rc.command.1.tlog
c:\users\cristina wong\desktop\homework5\part2\spaceinvaders\client1\project5\debug\project5.tlog\rc.read.1.tlog
c:\users\cristina wong\desktop\homework5\part2\spaceinvaders\client1\project5\debug\project5.tlog\rc.write.1.tlog
